C:\INTEL PROJECTS\IRSAW\IRSAW\VC2012\RELEASE\IRSAW.OBJ
C:\INTEL PROJECTS\IRSAW\IRSAW\VC2012\RELEASE\VC110.PDB
C:\INTEL PROJECTS\IRSAW\IRSAW\VC2012\RELEASE\IRSAW.EXE
C:\INTEL PROJECTS\IRSAW\IRSAW\VC2012\RELEASE\IRSAW.MAP
C:\INTEL PROJECTS\IRSAW\IRSAW\VC2012\RELEASE\RESOURCES.RES
C:\Intel Projects\IRSAW\IRSAW\vc2012\Release\IRSAW.obj
C:\Intel Projects\IRSAW\IRSAW\vc2012\Release\cl.command.1.tlog
C:\Intel Projects\IRSAW\IRSAW\vc2012\Release\CL.read.1.tlog
C:\Intel Projects\IRSAW\IRSAW\vc2012\Release\CL.write.1.tlog
C:\Intel Projects\IRSAW\IRSAW\vc2012\Release\link-cvtres.read.1.tlog
C:\Intel Projects\IRSAW\IRSAW\vc2012\Release\link-cvtres.write.1.tlog
C:\Intel Projects\IRSAW\IRSAW\vc2012\Release\link-rc.read.1.tlog
C:\Intel Projects\IRSAW\IRSAW\vc2012\Release\link-rc.write.1.tlog
C:\Intel Projects\IRSAW\IRSAW\vc2012\Release\link.command.1.tlog
C:\Intel Projects\IRSAW\IRSAW\vc2012\Release\link.read.1.tlog
C:\Intel Projects\IRSAW\IRSAW\vc2012\Release\link.write.1.tlog
C:\Intel Projects\IRSAW\IRSAW\vc2012\Release\rc.command.1.tlog
C:\Intel Projects\IRSAW\IRSAW\vc2012\Release\rc.read.1.tlog
C:\Intel Projects\IRSAW\IRSAW\vc2012\Release\rc.write.1.tlog
C:\Intel Projects\IRSAW\IRSAW\vc2012\Release\Resources.res
C:\Intel Projects\IRSAW\IRSAW\vc2012\Release\vc110.pdb
C:\Intel Projects\IRSAW\IRSAW\vc2012\Release\IRSAW.exe
